Configuring monad-logger-0.3.25.1...
Building monad-logger-0.3.25.1...
Preprocessing library monad-logger-0.3.25.1...
[1 of 2] Compiling Control.Monad.Logger ( Control/Monad/Logger.hs, .stack-work/dist/x86_64-linux/Cabal-1.24.2.0/build/Control/Monad/Logger.o )

Control/Monad/Logger.hs:128:1: warning: [-Wdeprecations]
    Module ‘Control.Monad.Trans.Error’ is deprecated:
      Use Control.Monad.Trans.Except instead

Control/Monad/Logger.hs:237:26: warning: [-Wdeprecations]
    In the use of type constructor or class ‘Error’
    (imported from Control.Monad.Trans.Error):
    Deprecated: "Use Control.Monad.Trans.Except instead"

Control/Monad/Logger.hs:237:51: warning: [-Wdeprecations]
    In the use of type constructor or class ‘ErrorT’
    (imported from Control.Monad.Trans.Error):
    Deprecated: "Use Control.Monad.Trans.Except instead"

Control/Monad/Logger.hs:255:28: warning: [-Wdeprecations]
    In the use of type constructor or class ‘Error’
    (imported from Control.Monad.Trans.Error):
    Deprecated: "Use Control.Monad.Trans.Except instead"

Control/Monad/Logger.hs:255:55: warning: [-Wdeprecations]
    In the use of type constructor or class ‘ErrorT’
    (imported from Control.Monad.Trans.Error):
    Deprecated: "Use Control.Monad.Trans.Except instead"
[2 of 2] Compiling Control.Monad.Logger.CallStack ( Control/Monad/Logger/CallStack.hs, .stack-work/dist/x86_64-linux/Cabal-1.24.2.0/build/Control/Monad/Logger/CallStack.o )
Installing library in
/home/ubuntu/.stack/snapshots/x86_64-linux/lts-9.6/8.0.2/lib/x86_64-linux-ghc-8.0.2/monad-logger-0.3.25.1-Api4JKMOhVCLRmo99ts8K
Registering monad-logger-0.3.25.1...
